El usuario Aureliano se insertó el día Thu Nov 16 02:42:09 PM CET 2023 y además se creó su grupo grupoaureliano
El usuario Leocadia se insertó el día Thu Nov 16 02:44:37 PM CET 2023 a un grupo ya creado llamado grupoleocadia
El usuario Eleuterio se insertó el día Thu Nov 16 02:44:37 PM CET 2023 a un grupo ya creado llamado grupoeleuterio
El usuario Eulalia se insertó el día Thu Nov 16 02:44:37 PM CET 2023 a un grupo ya creado llamado grupoeulalia
El usuario Isidoro se insertó el día Thu Nov 16 02:44:37 PM CET 2023 a un grupo ya creado llamado grupoisidoro
El usuario Aureliano se insertó el día Thu Nov 16 02:44:37 PM CET 2023 a un grupo ya creado llamado grupoaureliano
useradd: user 'Eleuterio' already exists
El usuario Eleuterio se insertó el día Thu Nov 16 02:51:33 PM CET 2023 a un grupo ya creado llamado grupoeleuterio
useradd: user 'Isidoro' already exists
El usuario Isidoro se insertó el día Thu Nov 16 02:51:33 PM CET 2023 a un grupo ya creado llamado grupoisidoro
El usuario Aureliano se insertó el día Thu Nov 16 02:51:33 PM CET 2023 a un grupo ya creado llamado grupoaureliano
useradd: user 'Eleuterio' already exists
El usuario Eleuterio se insertó el día Thu Nov 16 02:51:50 PM CET 2023 a un grupo ya creado llamado grupoeleuterio
useradd: user 'Isidoro' already exists
El usuario Isidoro se insertó el día Thu Nov 16 02:51:50 PM CET 2023 a un grupo ya creado llamado grupoisidoro
useradd: user 'Aureliano' already exists
El usuario Aureliano se insertó el día Thu Nov 16 02:51:50 PM CET 2023 a un grupo ya creado llamado grupoaureliano
useradd: user 'Eleuterio' already exists
El usuario Eleuterio se insertó el día Thu Nov 16 02:53:04 PM CET 2023 a un grupo ya creado llamado grupoeleuterio
useradd: user 'Isidoro' already exists
El usuario Isidoro se insertó el día Thu Nov 16 02:53:04 PM CET 2023 a un grupo ya creado llamado grupoisidoro
useradd: user 'Aureliano' already exists
El usuario Aureliano se insertó el día Thu Nov 16 02:53:04 PM CET 2023 a un grupo ya creado llamado grupoaureliano
